[debug] [2025-08-24T12:57:04.528Z] ----------------------------------------------------------------------
[debug] [2025-08-24T12:57:04.532Z] Command:       C:\Program Files\nodejs\node.exe C:\Users\Utilisateur\AppData\Roaming\npm\node_modules\firebase-tools\lib\bin\firebase.js init
[debug] [2025-08-24T12:57:04.533Z] CLI Version:   14.14.0
[debug] [2025-08-24T12:57:04.533Z] Platform:      win32
[debug] [2025-08-24T12:57:04.533Z] Node Version:  v24.6.0
[debug] [2025-08-24T12:57:04.533Z] Time:          Sun Aug 24 2025 14:57:04 GMT+0200 (heure d’été d’Europe centrale)
[debug] [2025-08-24T12:57:04.533Z] ----------------------------------------------------------------------
[debug] 
[debug] [2025-08-24T12:57:04.845Z] > command requires scopes: ["email","openid","https://www.googleapis.com/auth/cloudplatformprojects.readonly","https://www.googleapis.com/auth/firebase","https://www.googleapis.com/auth/cloud-platform"]
[debug] [2025-08-24T12:57:04.846Z] > authorizing via signed-in user (supernovadolls@gmail.com)
[info] 
     ######## #### ########  ######## ########     ###     ######  ########
     ##        ##  ##     ## ##       ##     ##  ##   ##  ##       ##
     ######    ##  ########  ######   ########  #########  ######  ######
     ##        ##  ##    ##  ##       ##     ## ##     ##       ## ##
     ##       #### ##     ## ######## ########  ##     ##  ######  ########

You're about to initialize a Firebase project in this directory:

  C:\Users\Utilisateur\Desktop\jasweb2

Before we get started, keep in mind:

  * You are initializing within an existing Firebase project directory

[debug] [2025-08-24T13:00:42.004Z] ExitPromptError: User force closed the prompt with SIGINT
    at Interface.sigint (C:\Users\Utilisateur\AppData\Roaming\npm\node_modules\firebase-tools\node_modules\@inquirer\core\dist\commonjs\lib\create-prompt.js:101:37)
    at Interface.emit (node:events:508:28)
    at Interface.emit (node:domain:489:12)
    at [_ttyWrite] [as _ttyWrite] (node:internal/readline/interface:1315:18)
    at ReadStream.onkeypress (node:internal/readline/interface:284:20)
    at ReadStream.emit (node:events:520:35)
    at ReadStream.emit (node:domain:489:12)
    at emitKeys (node:internal/readline/utils:371:14)
    at emitKeys.next (<anonymous>)
    at ReadStream.onData (node:internal/readline/emitKeypressEvents:64:36)
[error] 
[error] Error: An unexpected error has occurred.
